[ERROR] Runtime.ImportModuleError: Unable to import module 'lambda_function': No module named 'lambda_function'
Traceback (most recent call last):
INIT_REPORT Init Duration: 108.74 ms	Phase: init	Status: error	Error Type: Runtime.ImportModuleError
[ERROR] Runtime.ImportModuleError: Unable to import module 'lambda_function': No module named 'lambda_function'
Traceback (most recent call last):
INIT_REPORT Init Duration: 141.35 ms	Phase: invoke	Status: error	Error Type: Runtime.ImportModuleError
START RequestId: e47079d6-daaf-4c70-bd46-4df38dca896c Version: $LATEST
Unknown application error occurred
Runtime.ImportModuleError
END RequestId: e47079d6-daaf-4c70-bd46-4df38dca896c
